<?xml version="1.0" encoding="UTF-8"?>
<!-- Generated by org.testng.reporters.JUnitReportReporter -->
<testsuite hostname="DESKTOP-JO7IUIU" failures="0" tests="1" name="beauty.Launch_Nykaa_Test" time="11.899" errors="0" timestamp="2024-05-22T07:50:17 IST" skipped="0">
  <testcase classname="beauty.Launch_Nykaa_Test" name="nykaa" time="11.899"/>
  <system-out>
Nykaa launched sucessfully  </system-out>
</testsuite> <!-- beauty.Launch_Nykaa_Test -->
