<?xml version="1.0" encoding="UTF-8"?>
<!-- Generated by org.testng.reporters.JUnitReportReporter -->
<testsuite hostname="DESKTOP-JO7IUIU" failures="0" tests="1" name="beauty.Launch_purple_Test" time="16.689" errors="0" timestamp="2024-05-22T07:50:58 IST" skipped="0">
  <testcase classname="beauty.Launch_purple_Test" name="sugar" time="16.689"/>
  <system-out>
purple launched sucessfully  </system-out>
</testsuite> <!-- beauty.Launch_purple_Test -->
