<?xml version="1.0" encoding="UTF-8"?>
<!-- Generated by org.testng.reporters.JUnitReportReporter -->
<testsuite hostname="DESKTOP-JO7IUIU" failures="0" tests="1" name="ecom.DemoWebShop_Test" time="9.473" errors="0" timestamp="2024-05-22T07:52:04 IST" skipped="0">
  <testcase classname="ecom.DemoWebShop_Test" name="launch" time="9.473"/>
  <system-out>
testNG installed window is maximized!!! Demowebshop is launched browser is closed  </system-out>
</testsuite> <!-- ecom.DemoWebShop_Test -->
