<?xml version="1.0" encoding="UTF-8"?>
<!-- Generated by org.testng.reporters.JUnitReportReporter -->
<testsuite hostname="DESKTOP-JO7IUIU" failures="0" tests="1" name="beauty.Launch_Sugar_Test" time="17.766" errors="0" timestamp="2024-05-22T07:51:34 IST" skipped="0">
  <testcase classname="beauty.Launch_Sugar_Test" name="sugar" time="17.766"/>
  <system-out>
sugar launched sucessfully  </system-out>
</testsuite> <!-- beauty.Launch_Sugar_Test -->
