<?xml version="1.0" encoding="UTF-8"?>
<!-- Generated by org.testng.reporters.JUnitReportReporter -->
<testsuite hostname="DESKTOP-JO7IUIU" failures="0" tests="1" name="ecom.Script01_Test" time="23.275" errors="0" timestamp="2024-05-22T07:59:43 IST" skipped="0">
  <testcase classname="ecom.Script01_Test" name="launch" time="23.275"/>
  <system-out/>
</testsuite> <!-- ecom.Script01_Test -->
