<?xml version="1.0" encoding="UTF-8"?>
<!-- Generated by org.testng.reporters.JUnitReportReporter -->
<testsuite hostname="DESKTOP-JO7IUIU" failures="0" tests="1" name="extended_report.Extended_Reprt" time="28.912" errors="0" timestamp="2024-05-27T08:35:23 IST" skipped="0">
  <testcase classname="extended_report.Extended_Reprt" name="script2" time="28.912"/>
  <system-out/>
</testsuite> <!-- extended_report.Extended_Reprt -->
