<?xml version="1.0" encoding="UTF-8"?>
<!-- Generated by org.testng.reporters.JUnitReportReporter -->
<testsuite hostname="DESKTOP-JO7IUIU" failures="0" tests="1" name="ecom.Script02_Test" time="15.784" errors="0" timestamp="2024-05-22T07:49:50 IST" skipped="0">
  <testcase classname="ecom.Script02_Test" name="launch" time="15.784"/>
  <system-out/>
</testsuite> <!-- ecom.Script02_Test -->
